<?xml version="1.0" encoding="UTF-8"?>
<!-- Generated by org.testng.reporters.JUnitReportReporter -->
<testsuite hostname="vlminh" failures="0" tests="2" name="steps.TC01_Google" time="6.472" errors="0" timestamp="2023-03-29T17:22:08 ICT" skipped="0">
  <testcase classname="steps.TC01_Google" name="GotoGoogle" time="3.199"/>
  <system-out/>
  <testcase classname="steps.TC01_Google" name="GotoGoogle" time="3.273"/>
  <system-out/>
</testsuite> <!-- steps.TC01_Google -->
